[dotenv@17.2.3] injecting env (11) from .env.local -- tip: 🗂️ backup and recover secrets: https://dotenvx.com/ops

📁 Reading database directory: /Users/raminvision/Desktop/nsso/Updated Database
🚀 Found 22 files to ingest.

📄 Processing CSV: ACCELERATORS.csv
📊 Found 1909 records in ACCELERATORS.csv
Processed 100/1909 records from ACCELERATORS.csv...
Processed 200/1909 records from ACCELERATORS.csv...
Processed 300/1909 records from ACCELERATORS.csv...
Processed 400/1909 records from ACCELERATORS.csv...
Processed 500/1909 records from ACCELERATORS.csv...
Processed 600/1909 records from ACCELERATORS.csv...
Processed 700/1909 records from ACCELERATORS.csv...
Processed 800/1909 records from ACCELERATORS.csv...
Processed 900/1909 records from ACCELERATORS.csv...
Processed 1000/1909 records from ACCELERATORS.csv...
Processed 1100/1909 records from ACCELERATORS.csv...
Processed 1200/1909 records from ACCELERATORS.csv...
Processed 1300/1909 records from ACCELERATORS.csv...
Processed 1400/1909 records from ACCELERATORS.csv...
Processed 1500/1909 records from ACCELERATORS.csv...
Processed 1600/1909 records from ACCELERATORS.csv...
Processed 1700/1909 records from ACCELERATORS.csv...
Processed 1800/1909 records from ACCELERATORS.csv...
Processed 1900/1909 records from ACCELERATORS.csv...
✅ ACCELERATORS.csv: 1909/1909 records inserted

📝 Processing Markdown: AI Business Advice.md
🧩 Found 55 chunks in AI Business Advice.md
Processed 5/55 chunks from AI Business Advice.md...
Processed 10/55 chunks from AI Business Advice.md...
Processed 15/55 chunks from AI Business Advice.md...
Processed 20/55 chunks from AI Business Advice.md...
Processed 25/55 chunks from AI Business Advice.md...
Processed 30/55 chunks from AI Business Advice.md...
Processed 35/55 chunks from AI Business Advice.md...
Processed 40/55 chunks from AI Business Advice.md...
Processed 45/55 chunks from AI Business Advice.md...
Processed 50/55 chunks from AI Business Advice.md...
Processed 55/55 chunks from AI Business Advice.md...
✅ AI Business Advice.md: 55/55 chunks inserted

📄 Processing CSV: AI Job Application Tools.csv
📊 Found 30 records in AI Job Application Tools.csv
✅ AI Job Application Tools.csv: 30/30 records inserted

📄 Processing CSV: AI TOOLS.csv
📊 Found 445 records in AI TOOLS.csv
Processed 100/445 records from AI TOOLS.csv...
Processed 200/445 records from AI TOOLS.csv...
Processed 300/445 records from AI TOOLS.csv...
Processed 400/445 records from AI TOOLS.csv...
✅ AI TOOLS.csv: 445/445 records inserted

📄 Processing CSV: Angel Investor Database.csv
📊 Found 12711 records in Angel Investor Database.csv
Processed 100/12711 records from Angel Investor Database.csv...
Processed 200/12711 records from Angel Investor Database.csv...
Processed 300/12711 records from Angel Investor Database.csv...
Processed 400/12711 records from Angel Investor Database.csv...
Processed 500/12711 records from Angel Investor Database.csv...
Processed 600/12711 records from Angel Investor Database.csv...
Processed 700/12711 records from Angel Investor Database.csv...
Processed 800/12711 records from Angel Investor Database.csv...
Processed 900/12711 records from Angel Investor Database.csv...
Processed 1000/12711 records from Angel Investor Database.csv...
Processed 1100/12711 records from Angel Investor Database.csv...
Processed 1200/12711 records from Angel Investor Database.csv...
Processed 1300/12711 records from Angel Investor Database.csv...
Processed 1400/12711 records from Angel Investor Database.csv...
Processed 1500/12711 records from Angel Investor Database.csv...
Processed 1600/12711 records from Angel Investor Database.csv...
Processed 1700/12711 records from Angel Investor Database.csv...
Processed 1800/12711 records from Angel Investor Database.csv...
Processed 1900/12711 records from Angel Investor Database.csv...
Processed 2000/12711 records from Angel Investor Database.csv...
Processed 2100/12711 records from Angel Investor Database.csv...
Processed 2200/12711 records from Angel Investor Database.csv...
Processed 2300/12711 records from Angel Investor Database.csv...
Processed 2400/12711 records from Angel Investor Database.csv...
Processed 2500/12711 records from Angel Investor Database.csv...
Processed 2600/12711 records from Angel Investor Database.csv...
Processed 2700/12711 records from Angel Investor Database.csv...
Processed 2800/12711 records from Angel Investor Database.csv...
Processed 2900/12711 records from Angel Investor Database.csv...
Processed 3000/12711 records from Angel Investor Database.csv...
Processed 3100/12711 records from Angel Investor Database.csv...
Processed 3200/12711 records from Angel Investor Database.csv...
Processed 3300/12711 records from Angel Investor Database.csv...
Processed 3400/12711 records from Angel Investor Database.csv...
Processed 3500/12711 records from Angel Investor Database.csv...
Processed 3600/12711 records from Angel Investor Database.csv...
Processed 3700/12711 records from Angel Investor Database.csv...
Processed 3800/12711 records from Angel Investor Database.csv...
Processed 3900/12711 records from Angel Investor Database.csv...
Processed 4000/12711 records from Angel Investor Database.csv...
Processed 4100/12711 records from Angel Investor Database.csv...
Processed 4200/12711 records from Angel Investor Database.csv...
Processed 4300/12711 records from Angel Investor Database.csv...
Processed 4400/12711 records from Angel Investor Database.csv...
Processed 4500/12711 records from Angel Investor Database.csv...
Processed 4600/12711 records from Angel Investor Database.csv...
Processed 4700/12711 records from Angel Investor Database.csv...
Processed 4800/12711 records from Angel Investor Database.csv...
Processed 4900/12711 records from Angel Investor Database.csv...
Processed 5000/12711 records from Angel Investor Database.csv...
Processed 5100/12711 records from Angel Investor Database.csv...
Processed 5200/12711 records from Angel Investor Database.csv...
Processed 5300/12711 records from Angel Investor Database.csv...
Processed 5400/12711 records from Angel Investor Database.csv...
Processed 5500/12711 records from Angel Investor Database.csv...
Processed 5600/12711 records from Angel Investor Database.csv...
Processed 5700/12711 records from Angel Investor Database.csv...
Processed 5800/12711 records from Angel Investor Database.csv...
Processed 5900/12711 records from Angel Investor Database.csv...
Processed 6000/12711 records from Angel Investor Database.csv...
Processed 6100/12711 records from Angel Investor Database.csv...
Processed 6200/12711 records from Angel Investor Database.csv...
Processed 6300/12711 records from Angel Investor Database.csv...
Processed 6400/12711 records from Angel Investor Database.csv...
Processed 6500/12711 records from Angel Investor Database.csv...
Processed 6600/12711 records from Angel Investor Database.csv...
Processed 6700/12711 records from Angel Investor Database.csv...
Processed 6800/12711 records from Angel Investor Database.csv...
Processed 6900/12711 records from Angel Investor Database.csv...
Processed 7000/12711 records from Angel Investor Database.csv...
Processed 7100/12711 records from Angel Investor Database.csv...
Processed 7200/12711 records from Angel Investor Database.csv...
Processed 7300/12711 records from Angel Investor Database.csv...
Processed 7400/12711 records from Angel Investor Database.csv...
Processed 7500/12711 records from Angel Investor Database.csv...
Processed 7600/12711 records from Angel Investor Database.csv...
Processed 7700/12711 records from Angel Investor Database.csv...
Processed 7800/12711 records from Angel Investor Database.csv...
Processed 7900/12711 records from Angel Investor Database.csv...
Processed 8000/12711 records from Angel Investor Database.csv...
Processed 8100/12711 records from Angel Investor Database.csv...
Processed 8200/12711 records from Angel Investor Database.csv...
Processed 8300/12711 records from Angel Investor Database.csv...
Processed 8400/12711 records from Angel Investor Database.csv...
Processed 8500/12711 records from Angel Investor Database.csv...
Processed 8600/12711 records from Angel Investor Database.csv...
Processed 8700/12711 records from Angel Investor Database.csv...
Processed 8800/12711 records from Angel Investor Database.csv...
Processed 8900/12711 records from Angel Investor Database.csv...
Processed 9000/12711 records from Angel Investor Database.csv...
Processed 9100/12711 records from Angel Investor Database.csv...
Processed 9200/12711 records from Angel Investor Database.csv...
Processed 9300/12711 records from Angel Investor Database.csv...
Processed 9400/12711 records from Angel Investor Database.csv...
Processed 9500/12711 records from Angel Investor Database.csv...
Processed 9600/12711 records from Angel Investor Database.csv...
Processed 9700/12711 records from Angel Investor Database.csv...
Processed 9800/12711 records from Angel Investor Database.csv...
Processed 9900/12711 records from Angel Investor Database.csv...
Processed 10000/12711 records from Angel Investor Database.csv...
Processed 10100/12711 records from Angel Investor Database.csv...
Processed 10200/12711 records from Angel Investor Database.csv...
Processed 10300/12711 records from Angel Investor Database.csv...
Processed 10400/12711 records from Angel Investor Database.csv...
Processed 10500/12711 records from Angel Investor Database.csv...
Processed 10600/12711 records from Angel Investor Database.csv...
Processed 10700/12711 records from Angel Investor Database.csv...
Processed 10800/12711 records from Angel Investor Database.csv...
Processed 10900/12711 records from Angel Investor Database.csv...
Processed 11000/12711 records from Angel Investor Database.csv...
Processed 11100/12711 records from Angel Investor Database.csv...
Processed 11200/12711 records from Angel Investor Database.csv...
Processed 11300/12711 records from Angel Investor Database.csv...
Processed 11400/12711 records from Angel Investor Database.csv...
Processed 11500/12711 records from Angel Investor Database.csv...
Processed 11600/12711 records from Angel Investor Database.csv...
Processed 11700/12711 records from Angel Investor Database.csv...
Processed 11800/12711 records from Angel Investor Database.csv...
Processed 11900/12711 records from Angel Investor Database.csv...
Processed 12000/12711 records from Angel Investor Database.csv...
Processed 12100/12711 records from Angel Investor Database.csv...
Processed 12200/12711 records from Angel Investor Database.csv...
Processed 12300/12711 records from Angel Investor Database.csv...
Processed 12400/12711 records from Angel Investor Database.csv...
Processed 12500/12711 records from Angel Investor Database.csv...
Processed 12600/12711 records from Angel Investor Database.csv...
Processed 12700/12711 records from Angel Investor Database.csv...
✅ Angel Investor Database.csv: 12711/12711 records inserted

📄 Processing CSV: Business_Knowledge.csv
📊 Found 550 records in Business_Knowledge.csv
Processed 100/550 records from Business_Knowledge.csv...
Processed 200/550 records from Business_Knowledge.csv...
Processed 300/550 records from Business_Knowledge.csv...
Processed 400/550 records from Business_Knowledge.csv...
Processed 500/550 records from Business_Knowledge.csv...
✅ Business_Knowledge.csv: 550/550 records inserted

📄 Processing CSV: COURSES.csv
📊 Found 218 records in COURSES.csv
Processed 100/218 records from COURSES.csv...
Processed 200/218 records from COURSES.csv...
✅ COURSES.csv: 218/218 records inserted

📄 Processing CSV: Career Coaching.csv
📊 Found 11 records in Career Coaching.csv
✅ Career Coaching.csv: 11/11 records inserted

📄 Processing CSV: Companies Hiring.csv
📊 Found 80 records in Companies Hiring.csv
✅ Companies Hiring.csv: 80/80 records inserted

📝 Processing Markdown: Content Creation Advice.md
🧩 Found 65 chunks in Content Creation Advice.md
Processed 5/65 chunks from Content Creation Advice.md...
Processed 10/65 chunks from Content Creation Advice.md...
Processed 15/65 chunks from Content Creation Advice.md...
Processed 20/65 chunks from Content Creation Advice.md...
Processed 25/65 chunks from Content Creation Advice.md...
Processed 30/65 chunks from Content Creation Advice.md...
Processed 35/65 chunks from Content Creation Advice.md...
Processed 40/65 chunks from Content Creation Advice.md...
Processed 45/65 chunks from Content Creation Advice.md...
Processed 50/65 chunks from Content Creation Advice.md...
Processed 55/65 chunks from Content Creation Advice.md...
Processed 60/65 chunks from Content Creation Advice.md...
Processed 65/65 chunks from Content Creation Advice.md...
✅ Content Creation Advice.md: 65/65 chunks inserted

📄 Processing CSV: EIS Investors.csv
📊 Found 57 records in EIS Investors.csv
✅ EIS Investors.csv: 57/57 records inserted

📄 Processing CSV: Family Offices Database.csv
📊 Found 768 records in Family Offices Database.csv
Processed 100/768 records from Family Offices Database.csv...
Processed 200/768 records from Family Offices Database.csv...
Processed 300/768 records from Family Offices Database.csv...
Processed 400/768 records from Family Offices Database.csv...
Processed 500/768 records from Family Offices Database.csv...
Processed 600/768 records from Family Offices Database.csv...
Processed 700/768 records from Family Offices Database.csv...
✅ Family Offices Database.csv: 768/768 records inserted

📄 Processing CSV: Films.csv
📊 Found 368 records in Films.csv
Processed 100/368 records from Films.csv...
Processed 200/368 records from Films.csv...
Processed 300/368 records from Films.csv...
✅ Films.csv: 0/368 records inserted

📄 Processing CSV: Make Money Online.csv
📊 Found 25 records in Make Money Online.csv
✅ Make Money Online.csv: 25/25 records inserted

📄 Processing CSV: PLACES TO GO.csv
📊 Found 125 records in PLACES TO GO.csv
Processed 100/125 records from PLACES TO GO.csv...
✅ PLACES TO GO.csv: 125/125 records inserted

📝 Processing Markdown: Pitch Deck Structures.md
🧩 Found 16 chunks in Pitch Deck Structures.md
Processed 5/16 chunks from Pitch Deck Structures.md...
Processed 10/16 chunks from Pitch Deck Structures.md...
Processed 15/16 chunks from Pitch Deck Structures.md...
Processed 16/16 chunks from Pitch Deck Structures.md...
✅ Pitch Deck Structures.md: 16/16 chunks inserted

📄 Processing CSV: Remote Job Boards and Companies - Remote Boards.csv
📊 Found 75 records in Remote Job Boards and Companies - Remote Boards.csv
✅ Remote Job Boards and Companies - Remote Boards.csv: 75/75 records inserted

📄 Processing CSV: SERVICES.csv
📊 Found 365 records in SERVICES.csv
Processed 100/365 records from SERVICES.csv...
Processed 200/365 records from SERVICES.csv...
Processed 300/365 records from SERVICES.csv...
✅ SERVICES.csv: 365/365 records inserted

📄 Processing CSV: Tech PM Job Boards.csv
📊 Found 13 records in Tech PM Job Boards.csv
✅ Tech PM Job Boards.csv: 13/13 records inserted

📄 Processing CSV: UK Business Grants.csv
📊 Found 102 records in UK Business Grants.csv
Processed 100/102 records from UK Business Grants.csv...
✅ UK Business Grants.csv: 102/102 records inserted

📄 Processing CSV: US Tech Companies.csv
📊 Found 104 records in US Tech Companies.csv
Processed 100/104 records from US Tech Companies.csv...
✅ US Tech Companies.csv: 104/104 records inserted

📄 Processing CSV: VC Investor Database.csv
📊 Found 11585 records in VC Investor Database.csv
Processed 100/11585 records from VC Investor Database.csv...
Processed 200/11585 records from VC Investor Database.csv...
Processed 300/11585 records from VC Investor Database.csv...
Processed 400/11585 records from VC Investor Database.csv...
Processed 500/11585 records from VC Investor Database.csv...
Processed 600/11585 records from VC Investor Database.csv...
Processed 700/11585 records from VC Investor Database.csv...
Processed 800/11585 records from VC Investor Database.csv...
Processed 900/11585 records from VC Investor Database.csv...
Processed 1000/11585 records from VC Investor Database.csv...
Processed 1100/11585 records from VC Investor Database.csv...
Processed 1200/11585 records from VC Investor Database.csv...
Processed 1300/11585 records from VC Investor Database.csv...
Processed 1400/11585 records from VC Investor Database.csv...
Processed 1500/11585 records from VC Investor Database.csv...
Processed 1600/11585 records from VC Investor Database.csv...
Processed 1700/11585 records from VC Investor Database.csv...
Processed 1800/11585 records from VC Investor Database.csv...
Processed 1900/11585 records from VC Investor Database.csv...
Processed 2000/11585 records from VC Investor Database.csv...
Processed 2100/11585 records from VC Investor Database.csv...
Processed 2200/11585 records from VC Investor Database.csv...
Processed 2300/11585 records from VC Investor Database.csv...
Processed 2400/11585 records from VC Investor Database.csv...
Processed 2500/11585 records from VC Investor Database.csv...
Processed 2600/11585 records from VC Investor Database.csv...
Processed 2700/11585 records from VC Investor Database.csv...
Processed 2800/11585 records from VC Investor Database.csv...
Processed 2900/11585 records from VC Investor Database.csv...
Processed 3000/11585 records from VC Investor Database.csv...
Processed 3100/11585 records from VC Investor Database.csv...
Processed 3200/11585 records from VC Investor Database.csv...
Processed 3300/11585 records from VC Investor Database.csv...
Processed 3400/11585 records from VC Investor Database.csv...
Processed 3500/11585 records from VC Investor Database.csv...
Processed 3600/11585 records from VC Investor Database.csv...
Processed 3700/11585 records from VC Investor Database.csv...
Processed 3800/11585 records from VC Investor Database.csv...
Processed 3900/11585 records from VC Investor Database.csv...
Processed 4000/11585 records from VC Investor Database.csv...
Processed 4100/11585 records from VC Investor Database.csv...
Processed 4200/11585 records from VC Investor Database.csv...
Processed 4300/11585 records from VC Investor Database.csv...
Processed 4400/11585 records from VC Investor Database.csv...
Processed 4500/11585 records from VC Investor Database.csv...
Processed 4600/11585 records from VC Investor Database.csv...
Processed 4700/11585 records from VC Investor Database.csv...
Processed 4800/11585 records from VC Investor Database.csv...
Processed 4900/11585 records from VC Investor Database.csv...
Processed 5000/11585 records from VC Investor Database.csv...
Processed 5100/11585 records from VC Investor Database.csv...
Processed 5200/11585 records from VC Investor Database.csv...
Processed 5300/11585 records from VC Investor Database.csv...
Processed 5400/11585 records from VC Investor Database.csv...
Processed 5500/11585 records from VC Investor Database.csv...
Processed 5600/11585 records from VC Investor Database.csv...
Processed 5700/11585 records from VC Investor Database.csv...
Processed 5800/11585 records from VC Investor Database.csv...
Processed 5900/11585 records from VC Investor Database.csv...
Processed 6000/11585 records from VC Investor Database.csv...
Processed 6100/11585 records from VC Investor Database.csv...
Processed 6200/11585 records from VC Investor Database.csv...
Processed 6300/11585 records from VC Investor Database.csv...
Processed 6400/11585 records from VC Investor Database.csv...
Processed 6500/11585 records from VC Investor Database.csv...
Processed 6600/11585 records from VC Investor Database.csv...
Processed 6700/11585 records from VC Investor Database.csv...
Processed 6800/11585 records from VC Investor Database.csv...
Processed 6900/11585 records from VC Investor Database.csv...
Processed 7000/11585 records from VC Investor Database.csv...
Processed 7100/11585 records from VC Investor Database.csv...
Processed 7200/11585 records from VC Investor Database.csv...
Processed 7300/11585 records from VC Investor Database.csv...
Processed 7400/11585 records from VC Investor Database.csv...
